<?xml version="1.0" encoding="UTF-8"?>
<!-- Generated by org.testng.reporters.JUnitReportReporter -->
<testsuite hostname="Binv" failures="0" tests="1" name="Testcases.Railway.LoginTest.TestCase02" time="3.984" errors="0" timestamp="2021-06-24T13:31:23 ICT" skipped="0">
  <testcase classname="Testcases.Railway.LoginTest.TestCase02" name="TC02" time="3.984"/>
  <system-out/>
</testsuite> <!-- Testcases.Railway.LoginTest.TestCase02 -->
