<?xml version="1.0" encoding="UTF-8"?>
<!-- Generated by org.testng.reporters.JUnitReportReporter -->
<testsuite hostname="Binv" failures="0" tests="1" name="Testcases.Railway.ChangePasswordTest.TestCase09" time="5.838" errors="0" timestamp="2021-06-24T13:31:23 ICT" skipped="0">
  <testcase classname="Testcases.Railway.ChangePasswordTest.TestCase09" name="TC09" time="5.838"/>
  <system-out/>
</testsuite> <!-- Testcases.Railway.ChangePasswordTest.TestCase09 -->
