<?xml version="1.0" encoding="UTF-8"?>
<!-- Generated by org.testng.reporters.JUnitReportReporter -->
<testsuite hostname="Binv" failures="0" tests="1" name="Testcases.Railway.RegisterTest.TestCase10" time="3.859" errors="0" timestamp="2021-06-24T13:31:23 ICT" skipped="0">
  <testcase classname="Testcases.Railway.RegisterTest.TestCase10" name="TC10" time="3.859"/>
  <system-out/>
</testsuite> <!-- Testcases.Railway.RegisterTest.TestCase10 -->
