<?xml version="1.0" encoding="UTF-8"?>
<!-- Generated by org.testng.reporters.JUnitReportReporter -->
<testsuite hostname="Binv" failures="0" tests="1" name="Testcases.Railway.BookTicketTest.TestCase14" time="5.954" errors="0" timestamp="2021-06-24T13:40:14 ICT" skipped="0">
  <testcase classname="Testcases.Railway.BookTicketTest.TestCase14" name="TC14" time="5.954"/>
  <system-out/>
</testsuite> <!-- Testcases.Railway.BookTicketTest.TestCase14 -->
