<?xml version="1.0" encoding="UTF-8"?>
<!-- Generated by org.testng.reporters.JUnitReportReporter -->
<testsuite hostname="Binv" failures="0" tests="1" name="Testcases.Railway.LoginTest.TestCase01" time="4.520" errors="0" timestamp="2021-06-24T13:40:14 ICT" skipped="0">
  <testcase classname="Testcases.Railway.LoginTest.TestCase01" name="TC01" time="4.520"/>
  <system-out/>
</testsuite> <!-- Testcases.Railway.LoginTest.TestCase01 -->
