<?xml version="1.0" encoding="UTF-8"?>
<!-- Generated by org.testng.reporters.JUnitReportReporter -->
<testsuite hostname="Binv" failures="0" tests="1" name="Testcases.Railway.RegisterTest.TestCase07" time="4.150" errors="0" timestamp="2021-06-24T13:40:14 ICT" skipped="0">
  <testcase classname="Testcases.Railway.RegisterTest.TestCase07" name="TC07" time="4.150"/>
  <system-out/>
</testsuite> <!-- Testcases.Railway.RegisterTest.TestCase07 -->
