<?xml version="1.0" encoding="UTF-8"?>
<!-- Generated by org.testng.reporters.JUnitReportReporter -->
<testsuite hostname="Binv" failures="0" tests="1" name="Testcases.Railway.RegisterTest.TestCase11" time="4.098" errors="0" timestamp="2021-06-24T13:40:14 ICT" skipped="0">
  <testcase classname="Testcases.Railway.RegisterTest.TestCase11" name="TC11" time="4.098"/>
  <system-out/>
</testsuite> <!-- Testcases.Railway.RegisterTest.TestCase11 -->
