<?xml version="1.0" encoding="UTF-8"?>
<!-- Generated by org.testng.reporters.JUnitReportReporter -->
<testsuite hostname="Binv" failures="0" tests="1" name="Testcases.Railway.MyTicketTest.TestCase16" time="7.329" errors="0" timestamp="2021-06-24T13:40:14 ICT" skipped="0">
  <testcase classname="Testcases.Railway.MyTicketTest.TestCase16" name="TC16" time="7.329"/>
  <system-out/>
</testsuite> <!-- Testcases.Railway.MyTicketTest.TestCase16 -->
