<?xml version="1.0" encoding="UTF-8"?>
<!-- Generated by org.testng.reporters.JUnitReportReporter -->
<testsuite hostname="Binv" failures="0" tests="1" name="Testcases.Railway.TimetableTest.TestCase15" time="5.381" errors="0" timestamp="2021-06-24T13:40:14 ICT" skipped="0">
  <testcase classname="Testcases.Railway.TimetableTest.TestCase15" name="TC15" time="5.381"/>
  <system-out/>
</testsuite> <!-- Testcases.Railway.TimetableTest.TestCase15 -->
